<?xml version="1.0" encoding="UTF-8"?>
<robot generator="Robot 5.0.1 (Python 3.10.5 on darwin)" generated="20220801 22:53:25.821" rpa="false" schemaversion="3">
<suite id="s1" name="Test" source="/Users/fabioregis/Documents/Projetos/python/QANinja/robot/test.robot">
<test id="s1-t1" name="Deve retornar mensagem de boas vindas" line="5">
<kw name="Welcome" library="app">
<var>${result}</var>
<arg>Fabio</arg>
<msg timestamp="20220801 22:53:25.829" level="INFO">${result} = Olá Fabio, bem vindo ao curso básico de Robot Framewok!</msg>
<status status="PASS" starttime="20220801 22:53:25.829" endtime="20220801 22:53:25.829"/>
</kw>
<kw name="Log To Console" library="BuiltIn">
<arg>${result}</arg>
<doc>Logs the given message to the console.</doc>
<status status="PASS" starttime="20220801 22:53:25.829" endtime="20220801 22:53:25.829"/>
</kw>
<kw name="Should Be Equal" library="BuiltIn">
<arg>${result}</arg>
<arg>Olá Fabio, bem vindo ao curso básico de Robot Framewok!</arg>
<doc>Fails if the given objects are unequal.</doc>
<status status="PASS" starttime="20220801 22:53:25.830" endtime="20220801 22:53:25.830"/>
</kw>
<status status="PASS" starttime="20220801 22:53:25.829" endtime="20220801 22:53:25.830"/>
</test>
<status status="PASS" starttime="20220801 22:53:25.821" endtime="20220801 22:53:25.830"/>
</suite>
<statistics>
<total>
<stat pass="1" fail="0" skip="0">All Tests</stat>
</total>
<tag>
</tag>
<suite>
<stat pass="1" fail="0" skip="0" id="s1" name="Test">Test</stat>
</suite>
</statistics>
<errors>
</errors>
</robot>
